#
# There is insufficient memory for the Java Runtime Environment to continue.
# Native memory allocation (mmap) failed to map 266338304 bytes for Failed to commit area from 0x0000000702400000 to 0x0000000712200000 of length 266338304.
# Possible reasons:
#   The system is out of physical RAM or swap space
#   The process is running with CompressedOops enabled, and the Java Heap may be blocking the growth of the native heap
# Possible solutions:
#   Reduce memory load on the system
#   Increase physical memory or swap space
#   Check if swap backing store is full
#   Decrease Java heap size (-Xmx/-Xms)
#   Decrease number of Java threads
#   Decrease Java thread stack sizes (-Xss)
#   Set larger code cache with -XX:ReservedCodeCacheSize=
# This output file may be truncated or incomplete.
#
#  Out of Memory Error (./open/src/hotspot/os/windows/os_windows.cpp:3275), pid=9744, tid=25100
#
# JRE version:  (11.0.9+7) (build )
# Java VM: Java HotSpot(TM) 64-Bit Server VM (11.0.9+7-LTS, mixed mode, sharing, tiered, compressed oops, g1 gc, windows-amd64)
# No core dump will be written. Minidumps are not enabled by default on client versions of Windows
#

---------------  S U M M A R Y ------------

Command Line: -ea -Didea.test.cyclic.buffer.size=1048576 -javaagent:D:\Dev\tools\intelliij\ideaIU-2021.2.3\lib\idea_rt.jar=61225:D:\Dev\tools\intelliij\ideaIU-2021.2.3\bin -Dfile.encoding=UTF-8 com.intellij.rt.junit.JUnitStarter -ideVersion5 -junit5 com.teylor.currencyexchanges.service.ExchangeRateQueryServiceTests,getExchangeRates_emptyExchangeRates_loadsFromFileAndReturnResponse

Host: Intel(R) Xeon(R) CPU E3-1505M v6 @ 3.00GHz, 8 cores, 15G,  Windows 10 , 64 bit Build 19041 (10.0.19041.1503)
Time: Sun Mar 13 17:40:53 2022 Turkey Standard Time elapsed time: 0.032595 seconds (0d 0h 0m 0s)

---------------  T H R E A D  ---------------

Current thread (0x000002939c7f8000):  JavaThread "Unknown thread" [_thread_in_vm, id=25100, stack(0x000000daea800000,0x000000daea900000)]

Stack: [0x000000daea800000,0x000000daea900000]
Native frames: (J=compiled Java code, j=interpreted, Vv=VM code, C=native code)
V  [jvm.dll+0x611a3a]
V  [jvm.dll+0x748aaf]
V  [jvm.dll+0x74a135]
V  [jvm.dll+0x74a7b3]
V  [jvm.dll+0x2439f8]
V  [jvm.dll+0x60eeda]
V  [jvm.dll+0x603de5]
V  [jvm.dll+0x2f785c]
V  [jvm.dll+0x2f76e2]
V  [jvm.dll+0x2fc396]
V  [jvm.dll+0x33e1df]
V  [jvm.dll+0x33dc10]
V  [jvm.dll+0x2d5aa8]
V  [jvm.dll+0x2d6c06]
V  [jvm.dll+0x724927]
V  [jvm.dll+0x7261cf]
V  [jvm.dll+0x34af59]
V  [jvm.dll+0x70a4a0]
V  [jvm.dll+0x3b415f]
V  [jvm.dll+0x3b6201]
C  [jli.dll+0x520b]
C  [ucrtbase.dll+0x21bb2]
C  [KERNEL32.DLL+0x17034]
C  [ntdll.dll+0x52651]


---------------  P R O C E S S  ---------------

Threads class SMR info:
_java_thread_list=0x0000029399bcaf00, length=0, elements={
}

Java Threads: ( => current thread )

Other Threads:
  0x000002939bf42800 GCTaskThread "GC Thread#0" [stack: 0x000000daea900000,0x000000daeaa00000] [id=3980]
  0x000002939c81c800 ConcurrentGCThread "G1 Main Marker" [stack: 0x000000daeaa00000,0x000000daeab00000] [id=13280]
  0x000002939c81e000 ConcurrentGCThread "G1 Conc#0" [stack: 0x000000daeab00000,0x000000daeac00000] [id=18072]

[error occurred during error reporting (printing all threads), id 0xc0000005, EXCEPTION_ACCESS_VIOLATION (0xc0000005) at pc=0x00007ffdcc7c42a7]

VM state:not at safepoint (not fully initialized)

VM Mutex/Monitor currently owned by a thread:  ([mutex/lock_event])
[0x000002939c7f06d0] Heap_lock - owner thread: 0x000002939c7f8000

Heap address: 0x0000000702400000, size: 4060 MB, Compressed Oops mode: Non-zero based: 0x0000000702400000
Narrow klass base: 0x0000000000000000, Narrow klass shift: 0

GC Heap History (0 events):
No events

Deoptimization events (0 events):
No events

Classes redefined (0 events):
No events

Internal exceptions (0 events):
No events

Events (0 events):
No events


Dynamic libraries:
0x00007ff7aca30000 - 0x00007ff7aca3f000 	D:\Dev\tools\jdk_jre\jdk-11.0.9\bin\java.exe
0x00007ffe2c510000 - 0x00007ffe2c705000 	C:\WINDOWS\SYSTEM32\ntdll.dll
0x00007ffe2a700000 - 0x00007ffe2a7be000 	C:\WINDOWS\System32\KERNEL32.DLL
0x00007ffe29c20000 - 0x00007ffe29ee8000 	C:\WINDOWS\System32\KERNELBASE.dll
0x00007ffe2a360000 - 0x00007ffe2a460000 	C:\WINDOWS\System32\ucrtbase.dll
0x00007ffe24a20000 - 0x00007ffe24a35000 	D:\Dev\tools\jdk_jre\jdk-11.0.9\bin\VCRUNTIME140.dll
0x00007ffe24a40000 - 0x00007ffe24a58000 	D:\Dev\tools\jdk_jre\jdk-11.0.9\bin\jli.dll
0x00007ffe2b5e0000 - 0x00007ffe2b68e000 	C:\WINDOWS\System32\ADVAPI32.dll
0x00007ffe2a660000 - 0x00007ffe2a6fe000 	C:\WINDOWS\System32\msvcrt.dll
0x00007ffe2a5c0000 - 0x00007ffe2a65c000 	C:\WINDOWS\System32\sechost.dll
0x00007ffe2bfb0000 - 0x00007ffe2c0d5000 	C:\WINDOWS\System32\RPCRT4.dll
0x00007ffe2c0e0000 - 0x00007ffe2c280000 	C:\WINDOWS\System32\USER32.dll
0x00007ffe13290000 - 0x00007ffe1352a000 	C:\WINDOWS\WinSxS\amd64_microsoft.windows.common-controls_6595b64144ccf1df_6.0.19041.1110_none_60b5254171f9507e\COMCTL32.dll
0x00007ffe2a530000 - 0x00007ffe2a552000 	C:\WINDOWS\System32\win32u.dll
0x00007ffe2c280000 - 0x00007ffe2c2ab000 	C:\WINDOWS\System32\GDI32.dll
0x00007ffe2a200000 - 0x00007ffe2a30d000 	C:\WINDOWS\System32\gdi32full.dll
0x00007ffe2a490000 - 0x00007ffe2a52d000 	C:\WINDOWS\System32\msvcp_win.dll
0x00007ffe20070000 - 0x00007ffe2007a000 	C:\WINDOWS\SYSTEM32\VERSION.dll
0x00007ffe2a940000 - 0x00007ffe2a970000 	C:\WINDOWS\System32\IMM32.DLL
0x00007ffdf2600000 - 0x00007ffdf2802000 	C:\WINDOWS\system32\tmumh\20019\AddOn\8.53.0.1071\TmUmEvt64.dll
0x00007ffe2aef0000 - 0x00007ffe2aef8000 	C:\WINDOWS\System32\PSAPI.DLL
0x0000000064d00000 - 0x0000000064e6e000 	C:\WINDOWS\system32\tmumh\20019\TmMon\2.8.0.1049\tmmon64.dll
0x0000000068000000 - 0x0000000068071000 	C:\WINDOWS\System32\QIPCAP64.dll
0x00007ffe2b860000 - 0x00007ffe2bfa4000 	C:\WINDOWS\System32\SHELL32.dll
0x00007ffe29080000 - 0x00007ffe2914b000 	C:\WINDOWS\SYSTEM32\DNSAPI.dll
0x00007ffe29030000 - 0x00007ffe2906b000 	C:\WINDOWS\SYSTEM32\IPHLPAPI.DLL
0x00007ffe2aa40000 - 0x00007ffe2aa48000 	C:\WINDOWS\System32\NSI.dll
0x00007ffe1ed30000 - 0x00007ffe1edcb000 	D:\Dev\tools\jdk_jre\jdk-11.0.9\bin\msvcp140.dll
0x00007ffdcc4e0000 - 0x00007ffdccfd7000 	D:\Dev\tools\jdk_jre\jdk-11.0.9\bin\server\jvm.dll
0x00007ffe0d670000 - 0x00007ffe0d679000 	C:\WINDOWS\SYSTEM32\WSOCK32.dll
0x000002939bea0000 - 0x000002939bf0b000 	C:\WINDOWS\System32\WS2_32.dll
0x00007ffe0fb70000 - 0x00007ffe0fb97000 	C:\WINDOWS\SYSTEM32\WINMM.dll
0x00007ffe28460000 - 0x00007ffe28472000 	C:\WINDOWS\SYSTEM32\kernel.appcore.dll
0x00007ffe249a0000 - 0x00007ffe249b0000 	D:\Dev\tools\jdk_jre\jdk-11.0.9\bin\verify.dll
0x00007ffe27fc0000 - 0x00007ffe281a4000 	C:\WINDOWS\SYSTEM32\DBGHELP.DLL
0x00007ffe09f90000 - 0x00007ffe09fbc000 	C:\WINDOWS\SYSTEM32\dbgcore.DLL
0x00007ffe2a170000 - 0x00007ffe2a1f2000 	C:\WINDOWS\System32\bcryptPrimitives.dll
0x00007ffe24970000 - 0x00007ffe24998000 	D:\Dev\tools\jdk_jre\jdk-11.0.9\bin\java.dll
0x00007ffe24960000 - 0x00007ffe2496a000 	D:\Dev\tools\jdk_jre\jdk-11.0.9\bin\jimage.dll
0x00007ffe209f0000 - 0x00007ffe209fe000 	D:\Dev\tools\jdk_jre\jdk-11.0.9\bin\instrument.dll
0x00007ffe24940000 - 0x00007ffe24956000 	D:\Dev\tools\jdk_jre\jdk-11.0.9\bin\zip.dll

dbghelp: loaded successfully - version: 4.0.5 - missing functions: none
symbol engine: initialized successfully - sym options: 0x614 - pdb path: .;D:\Dev\tools\jdk_jre\jdk-11.0.9\bin;C:\WINDOWS\SYSTEM32;C:\WINDOWS\WinSxS\amd64_microsoft.windows.common-controls_6595b64144ccf1df_6.0.19041.1110_none_60b5254171f9507e;C:\WINDOWS\system32\tmumh\20019\AddOn\8.53.0.1071;C:\WINDOWS\system32\tmumh\20019\TmMon\2.8.0.1049;D:\Dev\tools\jdk_jre\jdk-11.0.9\bin\server

VM Arguments:
jvm_args: -ea -Didea.test.cyclic.buffer.size=1048576 -javaagent:D:\Dev\tools\intelliij\ideaIU-2021.2.3\lib\idea_rt.jar=61225:D:\Dev\tools\intelliij\ideaIU-2021.2.3\bin -Dfile.encoding=UTF-8 
java_command: com.intellij.rt.junit.JUnitStarter -ideVersion5 -junit5 com.teylor.currencyexchanges.service.ExchangeRateQueryServiceTests,getExchangeRates_emptyExchangeRates_loadsFromFileAndReturnResponse
java_class_path (initial): C:\Users\TCCUNVER\.m2\repository\org\junit\platform\junit-platform-launcher\1.8.2\junit-platform-launcher-1.8.2.jar;D:\Dev\tools\intelliij\ideaIU-2021.2.3\lib\idea_rt.jar;D:\Dev\tools\intelliij\ideaIU-2021.2.3\plugins\junit\lib\junit5-rt.jar;D:\Dev\tools\intelliij\ideaIU-2021.2.3\plugins\junit\lib\junit-rt.jar;D:\Dev\workspaces\intellij_ws\teylor\currencyexchanges\target\test-classes;D:\Dev\workspaces\intellij_ws\teylor\currencyexchanges\target\classes;C:\Users\TCCUNVER\.m2\repository\org\springframework\boot\spring-boot-starter-web\2.6.4\spring-boot-starter-web-2.6.4.jar;C:\Users\TCCUNVER\.m2\repository\org\springframework\boot\spring-boot-starter\2.6.4\spring-boot-starter-2.6.4.jar;C:\Users\TCCUNVER\.m2\repository\org\springframework\boot\spring-boot\2.6.4\spring-boot-2.6.4.jar;C:\Users\TCCUNVER\.m2\repository\org\springframework\boot\spring-boot-autoconfigure\2.6.4\spring-boot-autoconfigure-2.6.4.jar;C:\Users\TCCUNVER\.m2\repository\org\springframework\boot\spring-boot-starter-logging\2.6.4\spring-boot-starter-logging-2.6.4.jar;C:\Users\TCCUNVER\.m2\repository\ch\qos\logback\logback-classic\1.2.10\logback-classic-1.2.10.jar;C:\Users\TCCUNVER\.m2\repository\ch\qos\logback\logback-core\1.2.10\logback-core-1.2.10.jar;C:\Users\TCCUNVER\.m2\repository\org\apache\logging\log4j\log4j-to-slf4j\2.17.1\log4j-to-slf4j-2.17.1.jar;C:\Users\TCCUNVER\.m2\repository\org\apache\logging\log4j\log4j-api\2.17.1\log4j-api-2.17.1.jar;C:\Users\TCCUNVER\.m2\repository\org\slf4j\jul-to-slf4j\1.7.36\jul-to-slf4j-1.7.36.jar;C:\Users\TCCUNVER\.m2\repository\jakarta\annotation\jakarta.annotation-api\1.3.5\jakarta.annotation-api-1.3.5.jar;C:\Users\TCCUNVER\.m2\repository\org\yaml\snakeyaml\1.29\snakeyaml-1.29.jar;C:\Users\TCCUNVER\.m2\repository\org\springframework\boot\spring-boot-starter-json\2.6.4\spring-boot-starter-json-2.6.4.jar;C:\Users\TCCUNVER\.m2\repository\com\fasterxml\jackson\core\jackson-databind\2.13.1\jackson-databind-2.13.1.jar;C:\Users\TCCUNVER\.
Launcher Type: SUN_STANDARD

[Global flags]
     intx CICompilerCount                          = 4                                         {product} {ergonomic}
     uint ConcGCThreads                            = 2                                         {product} {ergonomic}
     uint G1ConcRefinementThreads                  = 8                                         {product} {ergonomic}
   size_t G1HeapRegionSize                         = 1048576                                   {product} {ergonomic}
    uintx GCDrainStackTargetSize                   = 64                                        {product} {ergonomic}
   size_t InitialHeapSize                          = 266338304                                 {product} {ergonomic}
   size_t MarkStackSize                            = 4194304                                   {product} {ergonomic}
   size_t MaxHeapSize                              = 4257218560                                {product} {ergonomic}
   size_t MinHeapDeltaBytes                        = 1048576                                   {product} {ergonomic}
    uintx NonNMethodCodeHeapSize                   = 5836300                                {pd product} {ergonomic}
    uintx NonProfiledCodeHeapSize                  = 122910970                              {pd product} {ergonomic}
    uintx ProfiledCodeHeapSize                     = 122910970                              {pd product} {ergonomic}
    uintx ReservedCodeCacheSize                    = 251658240                              {pd product} {ergonomic}
     bool SegmentedCodeCache                       = true                                      {product} {ergonomic}
     bool UseCompressedClassPointers               = true                                 {lp64_product} {ergonomic}
     bool UseCompressedOops                        = true                                 {lp64_product} {ergonomic}
     bool UseG1GC                                  = true                                      {product} {ergonomic}
     bool UseLargePagesIndividualAllocation        = false                                  {pd product} {ergonomic}

Logging:
Log output configuration:
 #0: stdout all=warning uptime,level,tags
 #1: stderr all=off uptime,level,tags

Environment Variables:
JAVA_HOME=D:\Dev\Java\jdk1.8.0_144
PATH=C:\Program Files (x86)\Common Files\Oracle\Java\javapath;C:\Program Files\avs\bin;C:\Program Files\avs\bin32;C:\ProgramData\DockerDesktop\version-bin;C:\Program Files\Docker\Docker\Resources\bin;D:\Dev\IBM\RationalSDLC\common;C:\ProgramData\Oracle\Java\javapath;c:\oracle\oc121\bin;C:\Windows\system32;C:\Windows;C:\Windows\System32\Wbem;C:\Windows\System32\WindowsPowerShell\v1.0\;C:\Program Files (x86)\NVIDIA Corporation\PhysX\Common;D:\dev\VanDyke Software\Clients\;d:\Dev\Git\cmd;D:\Dev\TortoiseSVN\bin;D:\Dev\IBM\RationalSDLC\ClearCase\bin;C:\Program Files (x86)\IBM\gsk8\lib;C:\Program Files (x86)\IBM\gsk8\bin;D:\Dev\IBM\RationalSDLC\ClearCase\RemoteClient\cteapis;C:\ORA11G\bin;C:\Windows\SysWOW64\;C:\WINDOWS;C:\Windows\SysWOW64\Wbem;C:\Windows\SysWOW64\WindowsPowerShell\v1.0;D:\Dev\tools\NodeJS\node-v12.13.0-win-x64;D:\Dev\tools\MySQL\mysql-8.0.13-winx64\bin;D:\Dev\tools\apache-maven-3.2.2\bin;C:\WINDOWS\system32;C:\WINDOWS\System32\Wbem;C:\WINDOWS\System32\WindowsPowerShell\v1.0\;C:\WINDOWS\System32\OpenSSH\;D:\Dev\tools\python\python.3.6.3;D:\Dev\tools\kafka\kafka_2.12-2.5.0\bin\windows;C:\Program Files (x86)\Sennheiser\SenncomSDK\;D:\Dev\tools\go\go\bin;C:\Program Files (x86)\Intel\Intel(R) Management Engine Components\DAL;C:\Program Files\Intel\Intel(R) Management Engine Components\DAL;C:\Users\TCCUNVER\AppData\Local\Microsoft\WindowsApps;D:\dev\UltraEdit\;C:\Users\TCCUNVER\AppData\Local\atom\bin;C:\Users\TCCUNVER\AppData\Local\Microsoft\WindowsApps;C:\Users\TCCUNVER\AppData\Local\GitHubDesktop\bin;
USERNAME=TCCUNVER
OS=Windows_NT
PROCESSOR_IDENTIFIER=Intel64 Family 6 Model 158 Stepping 9, GenuineIntel



---------------  S Y S T E M  ---------------

OS: Windows 10 , 64 bit Build 19041 (10.0.19041.1503)
HyperV virtualization detected

CPU:total 8 (initial active 8) (4 cores per cpu, 2 threads per core) family 6 model 158 stepping 9, cmov, cx8, fxsr, mmx, sse, sse2, sse3, ssse3, sse4.1, sse4.2, popcnt, avx, avx2, aes, clmul, erms, rtm, 3dnowpref, lzcnt, ht, tsc, tscinvbit, bmi1, bmi2, adx, fma

Memory: 4k page, system-wide physical 16235M (4798M free)
TotalPageFile size 27694M (AvailPageFile size 64M)
current process WorkingSet (physical memory assigned to process): 14M, peak: 14M
current process commit charge ("private bytes"): 64M, peak: 317M

vm_info: Java HotSpot(TM) 64-Bit Server VM (11.0.9+7-LTS) for windows-amd64 JRE (11.0.9+7-LTS), built on Sep 15 2020 16:47:03 by "mach5one" with MS VC++ 15.9 (VS2017)

END.
